[SYS] 2023/12/03 - 22:54:02 | One API v0.0.0 started 
[SYS] 2023/12/03 - 22:54:02 | SQL_DSN not set, using SQLite as database 
[SYS] 2023/12/03 - 22:54:02 | database migration started 
[SYS] 2023/12/03 - 22:54:02 | database migrated 
[SYS] 2023/12/03 - 22:54:02 | REDIS_CONN_STRING not set, Redis is not enabled 
[SYS] 2023/12/03 - 22:54:02 | initializing token encoders 
[SYS] 2023/12/03 - 22:54:23 | token encoders initialized 
[GIN] 2023/12/03 - 22:54:27 | 20231203225427207625000YXiXeBSD | 200 |   12.887959ms |             ::1 |     GET /
[GIN] 2023/12/03 - 22:54:27 | 20231203225427389989000Wg7mWrHp | 200 |    1.110541ms |             ::1 |     GET /api/status
[GIN] 2023/12/03 - 22:54:27 | 2023120322542740289600071dgk3VH | 200 |     783.917µs |             ::1 |     GET /api/notice
[GIN] 2023/12/03 - 22:54:27 | 202312032254274036590006WH7jsgw | 200 |     2.43675ms |             ::1 |     GET /api/home_page_content
[GIN] 2023/12/03 - 22:54:34 | 20231203225434154854000FY1pqd2U | 200 |    1.082917ms |             ::1 |     GET /
[GIN] 2023/12/03 - 22:54:34 | 202312032254342230300006lxygo4l | 200 |      1.4525ms |             ::1 |     GET /api/status
[GIN] 2023/12/03 - 22:54:34 | 20231203225434232469000oayFy82k | 200 |     1.24425ms |             ::1 |     GET /api/notice
[GIN] 2023/12/03 - 22:54:34 | 20231203225434232914000jO8w4Mw6 | 200 |    2.739917ms |             ::1 |     GET /api/home_page_content
[GIN] 2023/12/03 - 22:54:35 | 20231203225435678428000c8mck4bf | 200 |     1.45925ms |             ::1 |     GET /
[GIN] 2023/12/03 - 22:54:35 | 20231203225435745078000upEpQKAs | 200 |      1.4205ms |             ::1 |     GET /api/status
[GIN] 2023/12/03 - 22:54:35 | 20231203225435757278000wYMrIK0b | 200 |    1.202167ms |             ::1 |     GET /api/notice
[GIN] 2023/12/03 - 22:54:35 | 20231203225435757257000xQRrjmZH | 200 |    3.005583ms |             ::1 |     GET /api/home_page_content
[SYS] 2023/12/03 - 22:56:01 | One API v0.0.0 started 
[SYS] 2023/12/03 - 22:56:01 | SQL_DSN not set, using SQLite as database 
[SYS] 2023/12/03 - 22:56:01 | database migration started 
[SYS] 2023/12/03 - 22:56:01 | database migrated 
[SYS] 2023/12/03 - 22:56:01 | REDIS_CONN_STRING not set, Redis is not enabled 
[SYS] 2023/12/03 - 22:56:01 | initializing token encoders 
[SYS] 2023/12/03 - 22:56:01 | token encoders initialized 
[GIN] 2023/12/03 - 22:56:09 | 20231203225609668723000y4EWoPZM | 200 |   13.342167ms |             ::1 |     GET /
[GIN] 2023/12/03 - 22:56:09 | 202312032256096917940008U9lqy3z | 200 |   66.390375ms |             ::1 |     GET /static/css/main.61987d34.css
[GIN] 2023/12/03 - 22:56:09 | 20231203225609690878000WXpDcfpF | 200 |  110.048541ms |             ::1 |     GET /static/js/main.26b5260f.js
[GIN] 2023/12/03 - 22:56:10 | 20231203225610207886000G0MKy8nW | 200 |     3.14975ms |             ::1 |     GET /static/js/416.45e80cf7.chunk.js
[GIN] 2023/12/03 - 22:56:10 | 20231203225610210800000iYsVKj1H | 200 |     992.792µs |             ::1 |     GET /api/status
[GIN] 2023/12/03 - 22:56:10 | 202312032256102771130007jSboBij | 200 |     836.916µs |             ::1 |     GET /api/notice
[GIN] 2023/12/03 - 22:56:10 | 20231203225610277580000M6tm9rvZ | 200 |    2.731167ms |             ::1 |     GET /api/home_page_content
[GIN] 2023/12/03 - 22:56:38 | 2023120322563829957000fvjiIt2g | 200 |    1.452375ms |             ::1 |     GET /static/js/651.5a83ba94.chunk.js
[GIN] 2023/12/03 - 22:56:38 | 2023120322563838493000RwiAuGCj | 200 |    1.383083ms |             ::1 |     GET /api/about
[GIN] 2023/12/03 - 22:56:50 | 2023120322565053334000lmz9GIJm | 401 |    7.465083ms |             ::1 |     GET /api/mj/?p=0&channel_id=&mj_id=&start_timestamp=1699023410000&end_timestamp=1701619010000
[GIN] 2023/12/03 - 22:56:50 | 2023120322565068198000TfRmTekN | 200 |    2.050125ms |             ::1 |     GET /login?expired=true
[GIN] 2023/12/03 - 22:56:50 | 20231203225650171282000qSSAemBl | 200 |    1.458417ms |             ::1 |     GET /api/status
[GIN] 2023/12/03 - 22:57:01 | 2023120322570120344000mmY7rjHs | 200 |  110.055708ms |             ::1 |    POST /api/user/login?turnstile=
[GIN] 2023/12/03 - 22:57:01 | 20231203225701158727000Gmmkk97B | 200 |    1.361708ms |             ::1 |     GET /api/token/?p=0&size=10
[INFO] 2023/12/03 - 22:57:40 | 20231203225734584976000Rj16C69O | record consume log: userId=1, channelId=1, promptTokens=0, completionTokens=0, modelName=midjourney, tokenName=test, quota=50000, content=模型倍率 50.00，分组倍率 1.00 
[GIN] 2023/12/03 - 22:57:40 | 20231203225734584976000Rj16C69O | 200 |   6.09333325s |             ::1 |    POST /mj/submit/imagine
[INFO] 2023/12/03 - 23:04:28 | 20231203230428331645000KO1r4FKK | record consume log: userId=1, channelId=1, promptTokens=0, completionTokens=0, modelName=midjourney, tokenName=test, quota=10000, content=模型倍率 50.00，分组倍率 1.00 
[GIN] 2023/12/03 - 23:04:28 | 20231203230428331645000KO1r4FKK | 200 |  284.276458ms |             ::1 |    POST /mj/submit/action
[INFO] 2023/12/03 - 23:08:15 | 2023120323081337000KByzpobK | record consume log: userId=1, channelId=1, promptTokens=0, completionTokens=0, modelName=midjourney, tokenName=test, quota=10000, content=模型倍率 50.00，分组倍率 1.00 
[GIN] 2023/12/03 - 23:08:15 | 2023120323081337000KByzpobK | 200 |  2.622082917s |             ::1 |    POST /mj/submit/action
[INFO] 2023/12/03 - 23:09:38 | 20231203230934348268000IytAFOQv | record consume log: userId=1, channelId=1, promptTokens=0, completionTokens=0, modelName=midjourney, tokenName=test, quota=50000, content=模型倍率 50.00，分组倍率 1.00 
[GIN] 2023/12/03 - 23:09:38 | 20231203230934348268000IytAFOQv | 200 |  3.762240083s |             ::1 |    POST /mj/submit/modal
[SYS] 2023/12/03 - 23:20:09 | One API v0.0.0 started 
[SYS] 2023/12/03 - 23:20:09 | SQL_DSN not set, using SQLite as database 
[SYS] 2023/12/03 - 23:20:09 | database migration started 
[SYS] 2023/12/03 - 23:20:09 | database migrated 
[SYS] 2023/12/03 - 23:20:09 | REDIS_CONN_STRING not set, Redis is not enabled 
[SYS] 2023/12/03 - 23:20:09 | initializing token encoders 
[SYS] 2023/12/03 - 23:20:09 | token encoders initialized 
[GIN] 2023/12/03 - 23:20:29 | 20231203232029185148000Y400Men4 | 200 |    1.841959ms |             ::1 |     GET /token
[GIN] 2023/12/03 - 23:20:29 | 20231203232029214349000dhdDUjbN | 200 |   95.982042ms |             ::1 |     GET /static/js/main.0d521400.js
[GIN] 2023/12/03 - 23:20:29 | 20231203232029458147000xYUOBE2l | 401 |     966.542µs |             ::1 |     GET /api/token/?p=0&size=10
[GIN] 2023/12/03 - 23:20:29 | 202312032320294591470004FvuTORm | 200 |     875.375µs |             ::1 |     GET /api/status
[GIN] 2023/12/03 - 23:20:29 | 20231203232029484661000hLBdfgMf | 200 |     953.667µs |             ::1 |     GET /login?expired=true
[GIN] 2023/12/03 - 23:20:29 | 20231203232029602065000DFshkw8y | 200 |     1.19475ms |             ::1 |     GET /api/status
[GIN] 2023/12/03 - 23:20:39 | 20231203232039790410000ZNf3udo2 | 200 |  110.700083ms |             ::1 |    POST /api/user/login?turnstile=
[GIN] 2023/12/03 - 23:20:39 | 20231203232039927105000iaQyMLII | 200 |    1.367708ms |             ::1 |     GET /api/token/?p=0&size=10
[GIN] 2023/12/03 - 23:20:45 | 20231203232045424909000GmeD6ccn | 200 |    5.482292ms |             ::1 |     GET /api/log/?p=0&type=0&username=&token_name=&model_name=&start_timestamp=1701530445&end_timestamp=1701620445&channel=
[GIN] 2023/12/03 - 23:20:49 | 20231203232049359024000H9Ayo1rl | 200 |     5.72275ms |             ::1 |     GET /api/mj/?p=0&channel_id=&mj_id=&start_timestamp=1699024849000&end_timestamp=1701620449000
[GIN] 2023/12/03 - 23:21:20 | 20231203232120272320000yB7ljq6r | 200 |    2.615125ms |             ::1 |     GET /api/log/?p=0&type=0&username=&token_name=&model_name=&start_timestamp=1701530480&end_timestamp=1701620480&channel=
